1 1 1
1 10 20
100 200 125
201 210 89
900 1000 174
183749 871233 525
234 1093 179
832 123 171
486146 547153 470
423834 727350 509
971722 580193 525
210767 905971 525
385060 246960 441
260546 136776 443
232689 244698 381
175876 336412 443
291557 867986 525
557871 373869 470
583179 345738 470
394529 672198 509
499888 765522 509
472471 477774 382
23263 822906 509
574860 884343 525
273314 332893 389
123558 41185 354
522901 668522 509
912599 687122 525
610371 423614 470
973699 975911 383
821554 323471 509
297982 621905 470
788481 735606 468
227232 626658 509
361949 600104 470
454020 983013 525
6760 594979 470
558056 465035 470
767012 237187 509
854469 428946 525
516532 250671 470
260848 557494 470
594864 143887 470
21015 721144 509
386343 852813 525
927548 170144 525
417310 828359 509
987773 641739 525
807479 178059 509
947063 600801 525
996979 437955 525
449587 501910 444
992112 542463 525
828843 19890 509
192809 740100 509
168425 988433 525
453017 574383 470
410832 552719 470
646767 8433 509
202119 594120 470
334709 309072 384
27638 594107 470
40116 753996 509
854923 142031 525
529367 251300 470
910309 629701 525
45878 716114 509
859226 202755 525
100583 862551 525
230368 236286 443
21082 591336 470
877909 119130 525
447040 25207 449
337598 845063 525
392144 69486 443
735511 593852 509
780097 494595 509
638502 762183 504
289837 974713 525
597614 834121 509
527448 524352 408
726205 428802 509
885613 178813 525
775804 851621 525
593632 499688 470
669882 189317 509
586126 437421 470
546234 676055 509
750777 580332 509
372567 410171 449
307402 347908 441
526943 104990 470
220183 677590 509
589854 376783 470
507810 365013 449
955632 171077 525
313489 425226 449
332860 668161 509
568417 476609 470
846246 365602 525
298975 467911 449
355835 508256 449
897061 744966 525
535519 604008 452
153098 763246 509
607447 979969 525
223797 135541 386
149854 509796 449
392107 495831 449
806146 271148 509
941140 872337 507
280368 215754 443
293672 516723 470
601096 229916 470
990537 339509 525
153553 631891 509
692590 533044 509
260395 501074 449
174508 929060 525
956207 972531 458
968448 339264 525
64400 817978 509
953839 472009 525
887734 161327 525
993056 631544 525
972139 102014 525
394777 756341 509
945474 782018 525
842360 471671 525
606944 244876 470
478818 138314 449
194430 291260 443
256837 938903 525
364113 495178 449
394288 488580 449
12294 602640 470
487350 316651 449
1829 784638 509
129038 395056 443
903512 776004 525
314951 968843 525
666692 926735 525
529933 518939 408
655868 127466 509
300161 660090 509
633344 606972 509
146193 983937 525
938148 494392 525
34377 20467 311
555003 308997 470
371160 915226 525
867759 57253 525
632698 424949 509
447839 523608 470
613148 997311 525
808381 670839 504
693367 812264 504
973180 725536 525
604252 25591 470
423835 231543 449
290648 576037 470
236681 917791 525
234109 27542 443
960280 475195 525
79400 546116 470
499236 346984 449
707880 891711 525
